<?xml version="1.0" encoding="UTF-8"?>
<testsuite xmlns:xsi="http://www.w3.org/2001/XMLSchema-instance" xsi:noNamespaceSchemaLocation="https://maven.apache.org/surefire/maven-surefire-plugin/xsd/surefire-test-report.xsd" name="edu.bsuir.test.candidate.AdditionFilesTest" time="570.013" tests="6" errors="0" skipped="0" failures="6">
  <properties>
    <property name="idea.version" value="2016.3.4"/>
    <property name="java.runtime.name" value="Java(TM) SE Runtime Environment"/>
    <property name="sun.boot.library.path" value="C:\Program Files (x86)\Java\jdk1.8.0_20\jre\bin"/>
    <property name="java.vm.version" value="25.20-b23"/>
    <property name="java.vm.vendor" value="Oracle Corporation"/>
    <property name="maven.multiModuleProjectDirectory" value="D:\IBA\IBA_testing_TalentConstructor\SeleniumExample-master"/>
    <property name="java.vendor.url" value="http://java.oracle.com/"/>
    <property name="path.separator" value=";"/>
    <property name="guice.disable.misplaced.annotation.check" value="true"/>
    <property name="java.vm.name" value="Java HotSpot(TM) Client VM"/>
    <property name="file.encoding.pkg" value="sun.io"/>
    <property name="idea.launcher.port" value="7533"/>
    <property name="user.script" value=""/>
    <property name="user.country" value="RU"/>
    <property name="sun.java.launcher" value="SUN_STANDARD"/>
    <property name="sun.os.patch.level" value=""/>
    <property name="java.vm.specification.name" value="Java Virtual Machine Specification"/>
    <property name="user.dir" value="D:\IBA\IBA_testing_TalentConstructor\SeleniumExample-master"/>
    <property name="java.runtime.version" value="1.8.0_20-b26"/>
    <property name="java.awt.graphicsenv" value="sun.awt.Win32GraphicsEnvironment"/>
    <property name="java.endorsed.dirs" value="C:\Program Files (x86)\Java\jdk1.8.0_20\jre\lib\endorsed"/>
    <property name="os.arch" value="x86"/>
    <property name="java.io.tmpdir" value="C:\Users\0737~1\AppData\Local\Temp\"/>
    <property name="line.separator" value="&#10;"/>
    <property name="java.vm.specification.vendor" value="Oracle Corporation"/>
    <property name="user.variant" value=""/>
    <property name="os.name" value="Windows 8.1"/>
    <property name="classworlds.conf" value="C:\Program Files (x86)\JetBrains\IntelliJ IDEA 2016.3.4\plugins\maven\lib\maven3\bin\m2.conf"/>
    <property name="sun.jnu.encoding" value="Cp1251"/>
    <property name="java.library.path" value="C:\Program Files (x86)\Java\jdk1.8.0_20\bin;C:\Windows\Sun\Java\bin;C:\Windows\system32;C:\Windows;C:\ProgramData\Oracle\Java\javapath;C:\Program Files (x86)\Java\jdk1.8.0_20\bin;C:\Program Files (x86)\Microsoft SQL Server\100\Tools\Binn\;C:\Program Files\Microsoft SQL Server\100\Tools\Binn\;C:\Program Files\Microsoft SQL Server\100\DTS\Binn\;C:\Program Files\Git\cmd;C:\Users\Аня\AppData\Local\Programs\Python\Python36-32;C:\Users\Аня\Documents\apache-maven-3.5.0\bin;."/>
    <property name="java.specification.name" value="Java Platform API Specification"/>
    <property name="java.class.version" value="52.0"/>
    <property name="sun.management.compiler" value="HotSpot Client Compiler"/>
    <property name="os.version" value="6.3"/>
    <property name="user.home" value="C:\Users\Аня"/>
    <property name="user.timezone" value="America/Bahia"/>
    <property name="java.awt.printerjob" value="sun.awt.windows.WPrinterJob"/>
    <property name="java.specification.version" value="1.8"/>
    <property name="idea.launcher.bin.path" value="C:\Program Files (x86)\JetBrains\IntelliJ IDEA 2016.3.4\bin"/>
    <property name="file.encoding" value="UTF-8"/>
    <property name="user.name" value="Аня"/>
    <property name="java.class.path" value="C:\Program Files (x86)\JetBrains\IntelliJ IDEA 2016.3.4\plugins\maven\lib\maven3\boot\plexus-classworlds-2.5.2.jar;C:\Program Files (x86)\JetBrains\IntelliJ IDEA 2016.3.4\lib\idea_rt.jar"/>
    <property name="java.vm.specification.version" value="1.8"/>
    <property name="sun.arch.data.model" value="32"/>
    <property name="java.home" value="C:\Program Files (x86)\Java\jdk1.8.0_20\jre"/>
    <property name="sun.java.command" value="com.intellij.rt.execution.application.AppMain org.codehaus.classworlds.Launcher -Didea.version=2016.3.4 clean test allure:report"/>
    <property name="java.specification.vendor" value="Oracle Corporation"/>
    <property name="user.language" value="ru"/>
    <property name="awt.toolkit" value="sun.awt.windows.WToolkit"/>
    <property name="java.vm.info" value="mixed mode"/>
    <property name="java.version" value="1.8.0_20"/>
    <property name="java.ext.dirs" value="C:\Program Files (x86)\Java\jdk1.8.0_20\jre\lib\ext;C:\Windows\Sun\Java\lib\ext"/>
    <property name="sun.boot.class.path" value="C:\Program Files (x86)\Java\jdk1.8.0_20\jre\lib\resources.jar;C:\Program Files (x86)\Java\jdk1.8.0_20\jre\lib\rt.jar;C:\Program Files (x86)\Java\jdk1.8.0_20\jre\lib\sunrsasign.jar;C:\Program Files (x86)\Java\jdk1.8.0_20\jre\lib\jsse.jar;C:\Program Files (x86)\Java\jdk1.8.0_20\jre\lib\jce.jar;C:\Program Files (x86)\Java\jdk1.8.0_20\jre\lib\charsets.jar;C:\Program Files (x86)\Java\jdk1.8.0_20\jre\lib\jfr.jar;C:\Program Files (x86)\Java\jdk1.8.0_20\jre\classes"/>
    <property name="java.vendor" value="Oracle Corporation"/>
    <property name="maven.home" value="C:\Program Files (x86)\JetBrains\IntelliJ IDEA 2016.3.4\plugins\maven\lib\maven3"/>
    <property name="file.separator" value="\"/>
    <property name="java.vendor.url.bug" value="http://bugreport.sun.com/bugreport/"/>
    <property name="sun.cpu.endian" value="little"/>
    <property name="sun.io.unicode.encoding" value="UnicodeLittle"/>
    <property name="sun.desktop" value="windows"/>
    <property name="sun.cpu.isalist" value="pentium_pro+mmx pentium_pro pentium+mmx pentium i486 i386 i86"/>
  </properties>
  <testcase name="removeDocuments" classname="edu.bsuir.test.candidate.AdditionFilesTest" time="48.568">
    <failure message="expected:&lt;[BigData.xls, sql.docx]&gt; but was:&lt;[BigData.xls, , sql.docx, ]&gt;" type="java.lang.AssertionError"><![CDATA[java.lang.AssertionError: expected:<[BigData.xls, sql.docx]> but was:<[BigData.xls, , sql.docx, ]>
	at edu.bsuir.test.candidate.AdditionFilesTest.removeDocuments(AdditionFilesTest.java:139)
]]></failure>
    <system-out><![CDATA[4
[[ChromeDriver: chrome on XP (9951e6b4577b4a2bc36bcdeb370102b0)] -> xpath: //div[@id='attached-files']/div[@class='control-group']/span]
[[ChromeDriver: chrome on XP (9951e6b4577b4a2bc36bcdeb370102b0)] -> xpath: //div[@id='attached-files']/div[@class='control-group']/span]
[[ChromeDriver: chrome on XP (9951e6b4577b4a2bc36bcdeb370102b0)] -> xpath: //div[@id='attached-files']/div[@class='control-group']/span]
[[ChromeDriver: chrome on XP (9951e6b4577b4a2bc36bcdeb370102b0)] -> xpath: //div[@id='attached-files']/div[@class='control-group']/span]
]]></system-out>
    <system-err><![CDATA[Starting ChromeDriver 2.37.544315 (730aa6a5fdba159ac9f4c1e8cbc59bf1b5ce12b7) on port 38617
Only local connections are allowed.
апр 12, 2018 9:38:52 AM org.openqa.selenium.remote.ProtocolHandshake createSession
INFO: Detected dialect: OSS
]]></system-err>
  </testcase>
  <testcase name="checkCountOfDocuments" classname="edu.bsuir.test.candidate.AdditionFilesTest" time="353.096">
    <failure message="expected:&lt;[BigData.xls, BigData.xls, BigData.xls, BigData.xls, BigData.xls, BigData.xls, BigData.xls, BigData.xls, BigData.xls, BigData.xls, BigData.xls, BigData.xls, BigData.xls, BigData.xls, BigData.xls, BigData.xls, BigData.xls, BigData.xls, BigData.xls, BigData.xls, BigData.xls, BigData.xls, BigData.xls, BigData.xls, BigData.xls, BigData.xls, BigData.xls, BigData.xls, BigData.xls, BigData.xls, BigData.xls, BigData.xls, BigData.xls, BigData.xls, BigData.xls, BigData.xls, BigData.xls, BigData.xls, BigData.xls, BigData.xls, BigData.xls, BigData.xls, BigData.xls, BigData.xls, BigData.xls, BigData.xls, BigData.xls, BigData.xls, BigData.xls, BigData.xls]&gt; but was:&lt;[BigData.xls, , BigData.xls, , BigData.xls, , BigData.xls, , BigData.xls, , BigData.xls, , BigData.xls, , BigData.xls, , BigData.xls, , BigData.xls, , BigData.xls, , BigData.xls, , BigData.xls, , BigData.xls, , BigData.xls, , BigData.xls, , BigData.xls, , BigData.xls, , BigData.xls, , BigData.xls, , BigData.xls, , BigData.xls, , BigData.xls, , BigData.xls, , BigData.xls, , BigData.xls, , BigData.xls, , BigData.xls, , BigData.xls, , BigData.xls, , BigData.xls, , BigData.xls, , BigData.xls, , BigData.xls, , BigData.xls, , BigData.xls, , BigData.xls, , BigData.xls, , BigData.xls, , BigData.xls, , BigData.xls, , BigData.xls, , BigData.xls, , BigData.xls, , BigData.xls, , BigData.xls, , BigData.xls, , BigData.xls, , BigData.xls, , BigData.xls, ]&gt;" type="java.lang.AssertionError"><![CDATA[java.lang.AssertionError: expected:<[BigData.xls, BigData.xls, BigData.xls, BigData.xls, BigData.xls, BigData.xls, BigData.xls, BigData.xls, BigData.xls, BigData.xls, BigData.xls, BigData.xls, BigData.xls, BigData.xls, BigData.xls, BigData.xls, BigData.xls, BigData.xls, BigData.xls, BigData.xls, BigData.xls, BigData.xls, BigData.xls, BigData.xls, BigData.xls, BigData.xls, BigData.xls, BigData.xls, BigData.xls, BigData.xls, BigData.xls, BigData.xls, BigData.xls, BigData.xls, BigData.xls, BigData.xls, BigData.xls, BigData.xls, BigData.xls, BigData.xls, BigData.xls, BigData.xls, BigData.xls, BigData.xls, BigData.xls, BigData.xls, BigData.xls, BigData.xls, BigData.xls, BigData.xls]> but was:<[BigData.xls, , BigData.xls, , BigData.xls, , BigData.xls, , BigData.xls, , BigData.xls, , BigData.xls, , BigData.xls, , BigData.xls, , BigData.xls, , BigData.xls, , BigData.xls, , BigData.xls, , BigData.xls, , BigData.xls, , BigData.xls, , BigData.xls, , BigData.xls, , BigData.xls, , BigData.xls, , BigData.xls, , BigData.xls, , BigData.xls, , BigData.xls, , BigData.xls, , BigData.xls, , BigData.xls, , BigData.xls, , BigData.xls, , BigData.xls, , BigData.xls, , BigData.xls, , BigData.xls, , BigData.xls, , BigData.xls, , BigData.xls, , BigData.xls, , BigData.xls, , BigData.xls, , BigData.xls, , BigData.xls, , BigData.xls, , BigData.xls, , BigData.xls, , BigData.xls, , BigData.xls, , BigData.xls, , BigData.xls, , BigData.xls, , BigData.xls, ]>
	at edu.bsuir.test.candidate.AdditionFilesTest.checkCountOfDocuments(AdditionFilesTest.java:120)
]]></failure>
    <system-out><![CDATA[100
[[ChromeDriver: chrome on XP (9e6d1cd572858d3f7098c2b875a54074)] -> xpath: //div[@id='attached-files']/div[@class='control-group']/span]
[[ChromeDriver: chrome on XP (9e6d1cd572858d3f7098c2b875a54074)] -> xpath: //div[@id='attached-files']/div[@class='control-group']/span]
[[ChromeDriver: chrome on XP (9e6d1cd572858d3f7098c2b875a54074)] -> xpath: //div[@id='attached-files']/div[@class='control-group']/span]
[[ChromeDriver: chrome on XP (9e6d1cd572858d3f7098c2b875a54074)] -> xpath: //div[@id='attached-files']/div[@class='control-group']/span]
[[ChromeDriver: chrome on XP (9e6d1cd572858d3f7098c2b875a54074)] -> xpath: //div[@id='attached-files']/div[@class='control-group']/span]
[[ChromeDriver: chrome on XP (9e6d1cd572858d3f7098c2b875a54074)] -> xpath: //div[@id='attached-files']/div[@class='control-group']/span]
[[ChromeDriver: chrome on XP (9e6d1cd572858d3f7098c2b875a54074)] -> xpath: //div[@id='attached-files']/div[@class='control-group']/span]
[[ChromeDriver: chrome on XP (9e6d1cd572858d3f7098c2b875a54074)] -> xpath: //div[@id='attached-files']/div[@class='control-group']/span]
[[ChromeDriver: chrome on XP (9e6d1cd572858d3f7098c2b875a54074)] -> xpath: //div[@id='attached-files']/div[@class='control-group']/span]
[[ChromeDriver: chrome on XP (9e6d1cd572858d3f7098c2b875a54074)] -> xpath: //div[@id='attached-files']/div[@class='control-group']/span]
[[ChromeDriver: chrome on XP (9e6d1cd572858d3f7098c2b875a54074)] -> xpath: //div[@id='attached-files']/div[@class='control-group']/span]
[[ChromeDriver: chrome on XP (9e6d1cd572858d3f7098c2b875a54074)] -> xpath: //div[@id='attached-files']/div[@class='control-group']/span]
[[ChromeDriver: chrome on XP (9e6d1cd572858d3f7098c2b875a54074)] -> xpath: //div[@id='attached-files']/div[@class='control-group']/span]
[[ChromeDriver: chrome on XP (9e6d1cd572858d3f7098c2b875a54074)] -> xpath: //div[@id='attached-files']/div[@class='control-group']/span]
[[ChromeDriver: chrome on XP (9e6d1cd572858d3f7098c2b875a54074)] -> xpath: //div[@id='attached-files']/div[@class='control-group']/span]
[[ChromeDriver: chrome on XP (9e6d1cd572858d3f7098c2b875a54074)] -> xpath: //div[@id='attached-files']/div[@class='control-group']/span]
[[ChromeDriver: chrome on XP (9e6d1cd572858d3f7098c2b875a54074)] -> xpath: //div[@id='attached-files']/div[@class='control-group']/span]
[[ChromeDriver: chrome on XP (9e6d1cd572858d3f7098c2b875a54074)] -> xpath: //div[@id='attached-files']/div[@class='control-group']/span]
[[ChromeDriver: chrome on XP (9e6d1cd572858d3f7098c2b875a54074)] -> xpath: //div[@id='attached-files']/div[@class='control-group']/span]
[[ChromeDriver: chrome on XP (9e6d1cd572858d3f7098c2b875a54074)] -> xpath: //div[@id='attached-files']/div[@class='control-group']/span]
[[ChromeDriver: chrome on XP (9e6d1cd572858d3f7098c2b875a54074)] -> xpath: //div[@id='attached-files']/div[@class='control-group']/span]
[[ChromeDriver: chrome on XP (9e6d1cd572858d3f7098c2b875a54074)] -> xpath: //div[@id='attached-files']/div[@class='control-group']/span]
[[ChromeDriver: chrome on XP (9e6d1cd572858d3f7098c2b875a54074)] -> xpath: //div[@id='attached-files']/div[@class='control-group']/span]
[[ChromeDriver: chrome on XP (9e6d1cd572858d3f7098c2b875a54074)] -> xpath: //div[@id='attached-files']/div[@class='control-group']/span]
[[ChromeDriver: chrome on XP (9e6d1cd572858d3f7098c2b875a54074)] -> xpath: //div[@id='attached-files']/div[@class='control-group']/span]
[[ChromeDriver: chrome on XP (9e6d1cd572858d3f7098c2b875a54074)] -> xpath: //div[@id='attached-files']/div[@class='control-group']/span]
[[ChromeDriver: chrome on XP (9e6d1cd572858d3f7098c2b875a54074)] -> xpath: //div[@id='attached-files']/div[@class='control-group']/span]
[[ChromeDriver: chrome on XP (9e6d1cd572858d3f7098c2b875a54074)] -> xpath: //div[@id='attached-files']/div[@class='control-group']/span]
[[ChromeDriver: chrome on XP (9e6d1cd572858d3f7098c2b875a54074)] -> xpath: //div[@id='attached-files']/div[@class='control-group']/span]
[[ChromeDriver: chrome on XP (9e6d1cd572858d3f7098c2b875a54074)] -> xpath: //div[@id='attached-files']/div[@class='control-group']/span]
[[ChromeDriver: chrome on XP (9e6d1cd572858d3f7098c2b875a54074)] -> xpath: //div[@id='attached-files']/div[@class='control-group']/span]
[[ChromeDriver: chrome on XP (9e6d1cd572858d3f7098c2b875a54074)] -> xpath: //div[@id='attached-files']/div[@class='control-group']/span]
[[ChromeDriver: chrome on XP (9e6d1cd572858d3f7098c2b875a54074)] -> xpath: //div[@id='attached-files']/div[@class='control-group']/span]
[[ChromeDriver: chrome on XP (9e6d1cd572858d3f7098c2b875a54074)] -> xpath: //div[@id='attached-files']/div[@class='control-group']/span]
[[ChromeDriver: chrome on XP (9e6d1cd572858d3f7098c2b875a54074)] -> xpath: //div[@id='attached-files']/div[@class='control-group']/span]
[[ChromeDriver: chrome on XP (9e6d1cd572858d3f7098c2b875a54074)] -> xpath: //div[@id='attached-files']/div[@class='control-group']/span]
[[ChromeDriver: chrome on XP (9e6d1cd572858d3f7098c2b875a54074)] -> xpath: //div[@id='attached-files']/div[@class='control-group']/span]
[[ChromeDriver: chrome on XP (9e6d1cd572858d3f7098c2b875a54074)] -> xpath: //div[@id='attached-files']/div[@class='control-group']/span]
[[ChromeDriver: chrome on XP (9e6d1cd572858d3f7098c2b875a54074)] -> xpath: //div[@id='attached-files']/div[@class='control-group']/span]
[[ChromeDriver: chrome on XP (9e6d1cd572858d3f7098c2b875a54074)] -> xpath: //div[@id='attached-files']/div[@class='control-group']/span]
[[ChromeDriver: chrome on XP (9e6d1cd572858d3f7098c2b875a54074)] -> xpath: //div[@id='attached-files']/div[@class='control-group']/span]
[[ChromeDriver: chrome on XP (9e6d1cd572858d3f7098c2b875a54074)] -> xpath: //div[@id='attached-files']/div[@class='control-group']/span]
[[ChromeDriver: chrome on XP (9e6d1cd572858d3f7098c2b875a54074)] -> xpath: //div[@id='attached-files']/div[@class='control-group']/span]
[[ChromeDriver: chrome on XP (9e6d1cd572858d3f7098c2b875a54074)] -> xpath: //div[@id='attached-files']/div[@class='control-group']/span]
[[ChromeDriver: chrome on XP (9e6d1cd572858d3f7098c2b875a54074)] -> xpath: //div[@id='attached-files']/div[@class='control-group']/span]
[[ChromeDriver: chrome on XP (9e6d1cd572858d3f7098c2b875a54074)] -> xpath: //div[@id='attached-files']/div[@class='control-group']/span]
[[ChromeDriver: chrome on XP (9e6d1cd572858d3f7098c2b875a54074)] -> xpath: //div[@id='attached-files']/div[@class='control-group']/span]
[[ChromeDriver: chrome on XP (9e6d1cd572858d3f7098c2b875a54074)] -> xpath: //div[@id='attached-files']/div[@class='control-group']/span]
[[ChromeDriver: chrome on XP (9e6d1cd572858d3f7098c2b875a54074)] -> xpath: //div[@id='attached-files']/div[@class='control-group']/span]
[[ChromeDriver: chrome on XP (9e6d1cd572858d3f7098c2b875a54074)] -> xpath: //div[@id='attached-files']/div[@class='control-group']/span]
[[ChromeDriver: chrome on XP (9e6d1cd572858d3f7098c2b875a54074)] -> xpath: //div[@id='attached-files']/div[@class='control-group']/span]
[[ChromeDriver: chrome on XP (9e6d1cd572858d3f7098c2b875a54074)] -> xpath: //div[@id='attached-files']/div[@class='control-group']/span]
[[ChromeDriver: chrome on XP (9e6d1cd572858d3f7098c2b875a54074)] -> xpath: //div[@id='attached-files']/div[@class='control-group']/span]
[[ChromeDriver: chrome on XP (9e6d1cd572858d3f7098c2b875a54074)] -> xpath: //div[@id='attached-files']/div[@class='control-group']/span]
[[ChromeDriver: chrome on XP (9e6d1cd572858d3f7098c2b875a54074)] -> xpath: //div[@id='attached-files']/div[@class='control-group']/span]
[[ChromeDriver: chrome on XP (9e6d1cd572858d3f7098c2b875a54074)] -> xpath: //div[@id='attached-files']/div[@class='control-group']/span]
[[ChromeDriver: chrome on XP (9e6d1cd572858d3f7098c2b875a54074)] -> xpath: //div[@id='attached-files']/div[@class='control-group']/span]
[[ChromeDriver: chrome on XP (9e6d1cd572858d3f7098c2b875a54074)] -> xpath: //div[@id='attached-files']/div[@class='control-group']/span]
[[ChromeDriver: chrome on XP (9e6d1cd572858d3f7098c2b875a54074)] -> xpath: //div[@id='attached-files']/div[@class='control-group']/span]
[[ChromeDriver: chrome on XP (9e6d1cd572858d3f7098c2b875a54074)] -> xpath: //div[@id='attached-files']/div[@class='control-group']/span]
[[ChromeDriver: chrome on XP (9e6d1cd572858d3f7098c2b875a54074)] -> xpath: //div[@id='attached-files']/div[@class='control-group']/span]
[[ChromeDriver: chrome on XP (9e6d1cd572858d3f7098c2b875a54074)] -> xpath: //div[@id='attached-files']/div[@class='control-group']/span]
[[ChromeDriver: chrome on XP (9e6d1cd572858d3f7098c2b875a54074)] -> xpath: //div[@id='attached-files']/div[@class='control-group']/span]
[[ChromeDriver: chrome on XP (9e6d1cd572858d3f7098c2b875a54074)] -> xpath: //div[@id='attached-files']/div[@class='control-group']/span]
[[ChromeDriver: chrome on XP (9e6d1cd572858d3f7098c2b875a54074)] -> xpath: //div[@id='attached-files']/div[@class='control-group']/span]
[[ChromeDriver: chrome on XP (9e6d1cd572858d3f7098c2b875a54074)] -> xpath: //div[@id='attached-files']/div[@class='control-group']/span]
[[ChromeDriver: chrome on XP (9e6d1cd572858d3f7098c2b875a54074)] -> xpath: //div[@id='attached-files']/div[@class='control-group']/span]
[[ChromeDriver: chrome on XP (9e6d1cd572858d3f7098c2b875a54074)] -> xpath: //div[@id='attached-files']/div[@class='control-group']/span]
[[ChromeDriver: chrome on XP (9e6d1cd572858d3f7098c2b875a54074)] -> xpath: //div[@id='attached-files']/div[@class='control-group']/span]
[[ChromeDriver: chrome on XP (9e6d1cd572858d3f7098c2b875a54074)] -> xpath: //div[@id='attached-files']/div[@class='control-group']/span]
[[ChromeDriver: chrome on XP (9e6d1cd572858d3f7098c2b875a54074)] -> xpath: //div[@id='attached-files']/div[@class='control-group']/span]
[[ChromeDriver: chrome on XP (9e6d1cd572858d3f7098c2b875a54074)] -> xpath: //div[@id='attached-files']/div[@class='control-group']/span]
[[ChromeDriver: chrome on XP (9e6d1cd572858d3f7098c2b875a54074)] -> xpath: //div[@id='attached-files']/div[@class='control-group']/span]
[[ChromeDriver: chrome on XP (9e6d1cd572858d3f7098c2b875a54074)] -> xpath: //div[@id='attached-files']/div[@class='control-group']/span]
[[ChromeDriver: chrome on XP (9e6d1cd572858d3f7098c2b875a54074)] -> xpath: //div[@id='attached-files']/div[@class='control-group']/span]
[[ChromeDriver: chrome on XP (9e6d1cd572858d3f7098c2b875a54074)] -> xpath: //div[@id='attached-files']/div[@class='control-group']/span]
[[ChromeDriver: chrome on XP (9e6d1cd572858d3f7098c2b875a54074)] -> xpath: //div[@id='attached-files']/div[@class='control-group']/span]
[[ChromeDriver: chrome on XP (9e6d1cd572858d3f7098c2b875a54074)] -> xpath: //div[@id='attached-files']/div[@class='control-group']/span]
[[ChromeDriver: chrome on XP (9e6d1cd572858d3f7098c2b875a54074)] -> xpath: //div[@id='attached-files']/div[@class='control-group']/span]
[[ChromeDriver: chrome on XP (9e6d1cd572858d3f7098c2b875a54074)] -> xpath: //div[@id='attached-files']/div[@class='control-group']/span]
[[ChromeDriver: chrome on XP (9e6d1cd572858d3f7098c2b875a54074)] -> xpath: //div[@id='attached-files']/div[@class='control-group']/span]
[[ChromeDriver: chrome on XP (9e6d1cd572858d3f7098c2b875a54074)] -> xpath: //div[@id='attached-files']/div[@class='control-group']/span]
[[ChromeDriver: chrome on XP (9e6d1cd572858d3f7098c2b875a54074)] -> xpath: //div[@id='attached-files']/div[@class='control-group']/span]
[[ChromeDriver: chrome on XP (9e6d1cd572858d3f7098c2b875a54074)] -> xpath: //div[@id='attached-files']/div[@class='control-group']/span]
[[ChromeDriver: chrome on XP (9e6d1cd572858d3f7098c2b875a54074)] -> xpath: //div[@id='attached-files']/div[@class='control-group']/span]
[[ChromeDriver: chrome on XP (9e6d1cd572858d3f7098c2b875a54074)] -> xpath: //div[@id='attached-files']/div[@class='control-group']/span]
[[ChromeDriver: chrome on XP (9e6d1cd572858d3f7098c2b875a54074)] -> xpath: //div[@id='attached-files']/div[@class='control-group']/span]
[[ChromeDriver: chrome on XP (9e6d1cd572858d3f7098c2b875a54074)] -> xpath: //div[@id='attached-files']/div[@class='control-group']/span]
[[ChromeDriver: chrome on XP (9e6d1cd572858d3f7098c2b875a54074)] -> xpath: //div[@id='attached-files']/div[@class='control-group']/span]
[[ChromeDriver: chrome on XP (9e6d1cd572858d3f7098c2b875a54074)] -> xpath: //div[@id='attached-files']/div[@class='control-group']/span]
[[ChromeDriver: chrome on XP (9e6d1cd572858d3f7098c2b875a54074)] -> xpath: //div[@id='attached-files']/div[@class='control-group']/span]
[[ChromeDriver: chrome on XP (9e6d1cd572858d3f7098c2b875a54074)] -> xpath: //div[@id='attached-files']/div[@class='control-group']/span]
[[ChromeDriver: chrome on XP (9e6d1cd572858d3f7098c2b875a54074)] -> xpath: //div[@id='attached-files']/div[@class='control-group']/span]
[[ChromeDriver: chrome on XP (9e6d1cd572858d3f7098c2b875a54074)] -> xpath: //div[@id='attached-files']/div[@class='control-group']/span]
[[ChromeDriver: chrome on XP (9e6d1cd572858d3f7098c2b875a54074)] -> xpath: //div[@id='attached-files']/div[@class='control-group']/span]
[[ChromeDriver: chrome on XP (9e6d1cd572858d3f7098c2b875a54074)] -> xpath: //div[@id='attached-files']/div[@class='control-group']/span]
[[ChromeDriver: chrome on XP (9e6d1cd572858d3f7098c2b875a54074)] -> xpath: //div[@id='attached-files']/div[@class='control-group']/span]
[[ChromeDriver: chrome on XP (9e6d1cd572858d3f7098c2b875a54074)] -> xpath: //div[@id='attached-files']/div[@class='control-group']/span]
[[ChromeDriver: chrome on XP (9e6d1cd572858d3f7098c2b875a54074)] -> xpath: //div[@id='attached-files']/div[@class='control-group']/span]
[[ChromeDriver: chrome on XP (9e6d1cd572858d3f7098c2b875a54074)] -> xpath: //div[@id='attached-files']/div[@class='control-group']/span]
]]></system-out>
    <system-err><![CDATA[Starting ChromeDriver 2.37.544315 (730aa6a5fdba159ac9f4c1e8cbc59bf1b5ce12b7) on port 9070
Only local connections are allowed.
апр 12, 2018 9:39:43 AM org.openqa.selenium.remote.ProtocolHandshake createSession
INFO: Detected dialect: OSS
]]></system-err>
  </testcase>
  <testcase name="addFileDOC" classname="edu.bsuir.test.candidate.AdditionFilesTest" time="37.696">
    <failure message="expected:&lt;[sql.docx]&gt; but was:&lt;[sql.docx, ]&gt;" type="java.lang.AssertionError"><![CDATA[java.lang.AssertionError: expected:<[sql.docx]> but was:<[sql.docx, ]>
	at edu.bsuir.test.candidate.AdditionFilesTest.addFileDOC(AdditionFilesTest.java:54)
]]></failure>
    <system-out><![CDATA[2
[[ChromeDriver: chrome on XP (310d179533eabdd56159c133b2c6d136)] -> xpath: //div[@id='attached-files']/div[@class='control-group']/span]
[[ChromeDriver: chrome on XP (310d179533eabdd56159c133b2c6d136)] -> xpath: //div[@id='attached-files']/div[@class='control-group']/span]
]]></system-out>
    <system-err><![CDATA[Starting ChromeDriver 2.37.544315 (730aa6a5fdba159ac9f4c1e8cbc59bf1b5ce12b7) on port 27123
Only local connections are allowed.
апр 12, 2018 9:45:40 AM org.openqa.selenium.remote.ProtocolHandshake createSession
INFO: Detected dialect: OSS
]]></system-err>
  </testcase>
  <testcase name="addFileMP4" classname="edu.bsuir.test.candidate.AdditionFilesTest" time="35.966">
    <failure message="expected:&lt;[video.mp4]&gt; but was:&lt;[video.mp4, ]&gt;" type="java.lang.AssertionError"><![CDATA[java.lang.AssertionError: expected:<[video.mp4]> but was:<[video.mp4, ]>
	at edu.bsuir.test.candidate.AdditionFilesTest.addFileMP4(AdditionFilesTest.java:85)
]]></failure>
    <system-out><![CDATA[2
[[ChromeDriver: chrome on XP (3a5a68dff4b673eb8444d2be56e63d53)] -> xpath: //div[@id='attached-files']/div[@class='control-group']/span]
[[ChromeDriver: chrome on XP (3a5a68dff4b673eb8444d2be56e63d53)] -> xpath: //div[@id='attached-files']/div[@class='control-group']/span]
]]></system-out>
    <system-err><![CDATA[Starting ChromeDriver 2.37.544315 (730aa6a5fdba159ac9f4c1e8cbc59bf1b5ce12b7) on port 46029
Only local connections are allowed.
апр 12, 2018 9:46:21 AM org.openqa.selenium.remote.ProtocolHandshake createSession
INFO: Detected dialect: OSS
]]></system-err>
  </testcase>
  <testcase name="addFilePDF" classname="edu.bsuir.test.candidate.AdditionFilesTest" time="36.969">
    <failure message="expected:&lt;[sql.pdf]&gt; but was:&lt;[sql.pdf, ]&gt;" type="java.lang.AssertionError"><![CDATA[java.lang.AssertionError: expected:<[sql.pdf]> but was:<[sql.pdf, ]>
	at edu.bsuir.test.candidate.AdditionFilesTest.addFilePDF(AdditionFilesTest.java:69)
]]></failure>
    <system-out><![CDATA[2
[[ChromeDriver: chrome on XP (97413e29bae87e734cedcb73d24f671c)] -> xpath: //div[@id='attached-files']/div[@class='control-group']/span]
[[ChromeDriver: chrome on XP (97413e29bae87e734cedcb73d24f671c)] -> xpath: //div[@id='attached-files']/div[@class='control-group']/span]
]]></system-out>
    <system-err><![CDATA[Starting ChromeDriver 2.37.544315 (730aa6a5fdba159ac9f4c1e8cbc59bf1b5ce12b7) on port 22461
Only local connections are allowed.
апр 12, 2018 9:47:01 AM org.openqa.selenium.remote.ProtocolHandshake createSession
INFO: Detected dialect: OSS
]]></system-err>
  </testcase>
  <testcase name="addFileXLS" classname="edu.bsuir.test.candidate.AdditionFilesTest" time="36.429">
    <failure message="expected:&lt;[BigData.xls]&gt; but was:&lt;[BigData.xls, ]&gt;" type="java.lang.AssertionError"><![CDATA[java.lang.AssertionError: expected:<[BigData.xls]> but was:<[BigData.xls, ]>
	at edu.bsuir.test.candidate.AdditionFilesTest.addFileXLS(AdditionFilesTest.java:101)
]]></failure>
    <system-out><![CDATA[2
[[ChromeDriver: chrome on XP (0d380991def9a7ca71dc645b4ecd7123)] -> xpath: //div[@id='attached-files']/div[@class='control-group']/span]
[[ChromeDriver: chrome on XP (0d380991def9a7ca71dc645b4ecd7123)] -> xpath: //div[@id='attached-files']/div[@class='control-group']/span]
]]></system-out>
    <system-err><![CDATA[Starting ChromeDriver 2.37.544315 (730aa6a5fdba159ac9f4c1e8cbc59bf1b5ce12b7) on port 13757
Only local connections are allowed.
апр 12, 2018 9:47:42 AM org.openqa.selenium.remote.ProtocolHandshake createSession
INFO: Detected dialect: OSS
]]></system-err>
  </testcase>
</testsuite>